0.000000 	 7.924014 	 4.216569 	 3.381913 	 5.813056 	 0.000000 
10.278698 	 7.923392 	 4.215919 	 3.381212 	 5.802000 	 0.022755 
20.557396 	 7.922711 	 4.215207 	 3.380443 	 5.789897 	 0.045507 
30.836095 	 7.921972 	 4.214433 	 3.379608 	 5.776757 	 0.068256 
41.114793 	 7.921174 	 4.213599 	 3.378708 	 5.762590 	 0.091002 
51.393491 	 7.920318 	 4.212704 	 3.377742 	 5.747408 	 0.113743 
61.672189 	 7.919406 	 4.211750 	 3.376712 	 5.731220 	 0.136480 
71.950888 	 7.918437 	 4.210736 	 3.375618 	 5.714038 	 0.159213 
82.229586 	 7.917412 	 4.209664 	 3.374461 	 5.695871 	 0.181940 
92.508284 	 7.916332 	 4.208534 	 3.373241 	 5.676730 	 0.204663 
102.786982 	 7.915197 	 4.207346 	 3.371959 	 5.656625 	 0.227381 
113.065680 	 7.914007 	 4.206101 	 3.370614 	 5.635565 	 0.250095 
123.344379 	 7.912762 	 4.204799 	 3.369209 	 5.613561 	 0.272803 
133.623077 	 7.911464 	 4.203441 	 3.367742 	 5.590622 	 0.295507 
143.901775 	 7.910113 	 4.202028 	 3.366215 	 5.566757 	 0.318203 
154.180473 	 7.908709 	 4.200558 	 3.364629 	 5.541977 	 0.340889 
164.459172 	 7.907253 	 4.199034 	 3.362983 	 5.516292 	 0.363565 
174.737870 	 7.905745 	 4.197456 	 3.361277 	 5.489711 	 0.386237 
185.016568 	 7.904185 	 4.195823 	 3.359514 	 5.462239 	 0.408913 
195.295266 	 7.902574 	 4.194137 	 3.357691 	 5.433885 	 0.431576 
205.573964 	 7.900913 	 4.192398 	 3.355813 	 5.404679 	 0.454196 
215.852663 	 7.899198 	 4.190603 	 3.353872 	 5.374549 	 0.476948 
226.131361 	 7.897447 	 4.188769 	 3.351890 	 5.343808 	 0.499174 
236.410059 	 7.895593 	 4.186827 	 3.349792 	 5.311288 	 0.523352 
240.000000	 7.894977	 4.186181	 3.349094	 5.300466        0.531403
240.000000	 5.136059	 3.854338	 0.000000	 5.298821	 0.534896
246.688757 	 5.135086 	 3.852900 	 0.000000 	 5.284399 	 0.534300 
256.967456 	 5.133672 	 3.850812 	 0.000000 	 5.263426 	 0.533384 
267.246154 	 5.132154 	 3.848570 	 0.000000 	 5.240929 	 0.536086 
277.524852 	 5.130617 	 3.846300 	 0.000000 	 5.218175 	 0.539600 
287.803550 	 5.129038 	 3.843969 	 0.000000 	 5.194825 	 0.544410 
298.082249 	 5.127424 	 3.841587 	 0.000000 	 5.170989 	 0.550167 
308.360947 	 5.125770 	 3.839147 	 0.000000 	 5.146594 	 0.556871 
318.639645 	 5.124091 	 3.836670 	 0.000000 	 5.121861 	 0.564041 
328.918343 	 5.122332 	 3.834076 	 0.000000 	 5.095985 	 0.572974 
330.000000	 5.122154	 3.833813	 0.000000	 5.093363	 0.573759
330.000000	 3.578637	 6.436128	 4.704941	 5.090726	 0.577173
339.197041 	 3.577182 	 6.430912 	 4.700733 	 5.074031 	 0.575056 
349.475740 	 3.575571 	 6.425139 	 4.696028 	 5.056156 	 0.570778 
359.754438 	 3.573939 	 6.419288 	 4.691316 	 5.037253 	 0.568793 
370.033136 	 3.572306 	 6.413434 	 4.686619 	 5.018218 	 0.567496 
380.311834 	 3.570667 	 6.407558 	 4.681932 	 4.998812 	 0.567178 
390.590533 	 3.569023 	 6.401661 	 4.677256 	 4.979050 	 0.567698 
400.869231 	 3.567374 	 6.395747 	 4.672593 	 4.958968 	 0.568931 
411.147929 	 3.565722 	 6.389816 	 4.667942 	 4.938577 	 0.570808 
421.426627 	 3.564065 	 6.383869 	 4.663304 	 4.917871 	 0.573271 
431.705325 	 3.562404 	 6.377905 	 4.658679 	 4.896849 	 0.576266 
441.984024 	 3.560739 	 6.371925 	 4.654069 	 4.875511 	 0.579746 
452.262722 	 3.559070 	 6.365930 	 4.649472 	 4.853861 	 0.583667 
462.541420 	 3.557398 	 6.359919 	 4.644890 	 4.831900 	 0.587990 
472.820118 	 3.555721 	 6.353893 	 4.640323 	 4.809632 	 0.592680 
483.098817 	 3.554042 	 6.347853 	 4.635771 	 4.787060 	 0.597705 
493.377515 	 3.552359 	 6.341799 	 4.631235 	 4.764186 	 0.603037 
503.656213 	 3.550673 	 6.335731 	 4.626714 	 4.741012 	 0.608650 
513.934911 	 3.548983 	 6.329649 	 4.622210 	 4.717541 	 0.614521 
524.213609 	 3.547291 	 6.323555 	 4.617722 	 4.693775 	 0.620631 
534.492308 	 3.545596 	 6.317447 	 4.613251 	 4.669717 	 0.626959 
544.771006 	 3.543898 	 6.311328 	 4.608798 	 4.645369 	 0.633490 
555.049704 	 3.542197 	 6.305196 	 4.604361 	 4.620733 	 0.640207 
565.328402 	 3.540494 	 6.299052 	 4.599942 	 4.595812 	 0.647097 
575.607101 	 3.538788 	 6.292897 	 4.595541 	 4.570606 	 0.654147 
585.885799 	 3.537080 	 6.286730 	 4.591159 	 4.545119 	 0.661346 
596.164497 	 3.535370 	 6.280553 	 4.586794 	 4.519352 	 0.668681 
606.443195 	 3.533657 	 6.274365 	 4.582448 	 4.493308 	 0.676145 
616.721893 	 3.531942 	 6.268166 	 4.578122 	 4.466986 	 0.683728 
627.000592 	 3.530225 	 6.261957 	 4.573814 	 4.440391 	 0.691421 
637.279290 	 3.528507 	 6.255738 	 4.569525 	 4.413522 	 0.699217 
647.557988 	 3.526786 	 6.249510 	 4.565257 	 4.386382 	 0.707109 
657.836686 	 3.525064 	 6.243271 	 4.561008 	 4.358973 	 0.715090 
668.115385 	 3.523340 	 6.237024 	 4.556779 	 4.331294 	 0.723155 
678.394083 	 3.521614 	 6.230767 	 4.552570 	 4.303349 	 0.731299 
688.672781 	 3.519886 	 6.224501 	 4.548381 	 4.275138 	 0.739515 
698.951479 	 3.518158 	 6.218227 	 4.544213 	 4.246662 	 0.747800 
709.230178 	 3.516427 	 6.211944 	 4.540066 	 4.217923 	 0.756148 
719.508876 	 3.514696 	 6.205652 	 4.535940 	 4.188921 	 0.764556 
729.787574 	 3.512963 	 6.199353 	 4.531835 	 4.159658 	 0.773021 
740.066272 	 3.511228 	 6.193045 	 4.527751 	 4.130135 	 0.781537 
750.344970 	 3.509493 	 6.186729 	 4.523689 	 4.100353 	 0.790103 
760.623669 	 3.507756 	 6.180406 	 4.519649 	 4.070312 	 0.798716 
770.902367 	 3.506019 	 6.174075 	 4.515630 	 4.040013 	 0.807371 
781.181065 	 3.504280 	 6.167737 	 4.511634 	 4.009458 	 0.816067 
791.459763 	 3.502541 	 6.161391 	 4.507659 	 3.978647 	 0.824802 
801.738462 	 3.500800 	 6.155038 	 4.503708 	 3.947580 	 0.833572 
812.017160 	 3.499059 	 6.148679 	 4.499778 	 3.916259 	 0.842375 
822.295858 	 3.497317 	 6.142312 	 4.495871 	 3.884683 	 0.851211 
832.574556 	 3.495574 	 6.135938 	 4.491988 	 3.852854 	 0.860075 
842.853254 	 3.493830 	 6.129558 	 4.488127 	 3.820771 	 0.868968 
853.131953 	 3.492086 	 6.123171 	 4.484289 	 3.788435 	 0.877887 
863.410651 	 3.490341 	 6.116778 	 4.480475 	 3.755847 	 0.886830 
873.689349 	 3.488595 	 6.110378 	 4.476684 	 3.723007 	 0.895797 
883.968047 	 3.486849 	 6.103973 	 4.472916 	 3.689915 	 0.904785 
894.246746 	 3.485103 	 6.097561 	 4.469173 	 3.656570 	 0.913793 
904.525444 	 3.483356 	 6.091142 	 4.465453 	 3.622974 	 0.922821 
914.804142 	 3.481609 	 6.084718 	 4.461757 	 3.589127 	 0.931866 
925.082840 	 3.479861 	 6.078288 	 4.458086 	 3.555027 	 0.940928 
935.361538 	 3.478113 	 6.071852 	 4.454439 	 3.520676 	 0.950006 
945.640237 	 3.476364 	 6.065410 	 4.450816 	 3.486073 	 0.959098 
955.918935 	 3.474616 	 6.058963 	 4.447217 	 3.451219 	 0.968205 
966.197633 	 3.472867 	 6.052510 	 4.443644 	 3.416111 	 0.977324 
976.476331 	 3.471118 	 6.046051 	 4.440095 	 3.380752 	 0.986455 
986.755030 	 3.469368 	 6.039586 	 4.436571 	 3.345139 	 0.995597 
997.033728 	 3.467619 	 6.033116 	 4.433072 	 3.309273 	 1.004750 
1007.312426 	 3.465869 	 6.026640 	 4.429599 	 3.273154 	 1.013912 
1017.591124 	 3.464119 	 6.020159 	 4.426150 	 3.236780 	 1.023084 
1027.869822 	 3.462369 	 6.013672 	 4.422727 	 3.200152 	 1.032264 
1038.148521 	 3.460619 	 6.007179 	 4.419330 	 3.163268 	 1.041451 
1048.427219 	 3.458869 	 6.000681 	 4.415958 	 3.126129 	 1.050646 
1058.705917 	 3.457119 	 5.994178 	 4.412612 	 3.088732 	 1.059848 
1068.984615 	 3.455368 	 5.987669 	 4.409291 	 3.051078 	 1.069055 
1079.263314 	 3.453618 	 5.981154 	 4.405997 	 3.013166 	 1.078268 
1089.542012 	 3.451868 	 5.974633 	 4.402729 	 2.974994 	 1.087486 
1099.820710 	 3.450118 	 5.968107 	 4.399486 	 2.936563 	 1.096708 
1110.099408 	 3.448367 	 5.961576 	 4.396270 	 2.897870 	 1.105935 
1120.378107 	 3.446617 	 5.955038 	 4.393081 	 2.858915 	 1.115165 
1130.656805 	 3.444866 	 5.948495 	 4.389917 	 2.819696 	 1.124399 
1140.935503 	 3.443116 	 5.941946 	 4.386780 	 2.780213 	 1.133636 
1151.214201 	 3.441366 	 5.935391 	 4.383670 	 2.740464 	 1.142875 
1161.492899 	 3.439615 	 5.928830 	 4.380586 	 2.700449 	 1.152116 
1171.771598 	 3.437865 	 5.922263 	 4.377529 	 2.660164 	 1.161359 
1182.050296 	 3.436115 	 5.915690 	 4.374499 	 2.619611 	 1.170604 
1192.328994 	 3.434364 	 5.909110 	 4.371496 	 2.578786 	 1.179850 
1202.607692 	 3.432614 	 5.902524 	 4.368520 	 2.537688 	 1.189096 
1212.886391 	 3.430863 	 5.895931 	 4.365571 	 2.496317 	 1.198344 
1223.165089 	 3.429113 	 5.889332 	 4.362649 	 2.454669 	 1.207591 
1233.443787 	 3.427362 	 5.882726 	 4.359754 	 2.412744 	 1.216839 
1243.722485 	 3.425612 	 5.876113 	 4.356886 	 2.370540 	 1.226087 
1254.001183 	 3.423861 	 5.869493 	 4.354046 	 2.328056 	 1.235334 
1264.279882 	 3.422110 	 5.862866 	 4.351233 	 2.285288 	 1.244580 
1274.558580 	 3.420359 	 5.856231 	 4.348447 	 2.242236 	 1.253826 
1284.837278 	 3.418608 	 5.849589 	 4.345689 	 2.198898 	 1.263071 
1295.115976 	 3.416856 	 5.842939 	 4.342958 	 2.155271 	 1.272314 
1305.394675 	 3.415105 	 5.836281 	 4.340255 	 2.111353 	 1.281556 
1315.673373 	 3.413353 	 5.829614 	 4.337580 	 2.067144 	 1.290796 
1325.952071 	 3.411601 	 5.822939 	 4.334932 	 2.022639 	 1.300034 
1336.230769 	 3.409848 	 5.816256 	 4.332312 	 1.977838 	 1.309270 
1346.509467 	 3.408095 	 5.809564 	 4.329719 	 1.932737 	 1.318503 
1356.788166 	 3.406342 	 5.802862 	 4.327154 	 1.887336 	 1.327735 
1367.066864 	 3.404588 	 5.796151 	 4.324617 	 1.841630 	 1.336963 
1377.345562 	 3.402834 	 5.789430 	 4.322108 	 1.795619 	 1.346189 
1387.624260 	 3.401079 	 5.782699 	 4.319627 	 1.749299 	 1.355412 
1397.902959 	 3.399324 	 5.775957 	 4.317174 	 1.702668 	 1.364632 
1408.181657 	 3.397568 	 5.769205 	 4.314748 	 1.655724 	 1.373849 
1418.460355 	 3.395811 	 5.762442 	 4.312351 	 1.608464 	 1.383062 
1428.739053 	 3.394054 	 5.755668 	 4.309981 	 1.560884 	 1.392272 
1439.017751 	 3.392296 	 5.748881 	 4.307639 	 1.512984 	 1.401478 
1449.296450 	 3.390537 	 5.742083 	 4.305325 	 1.464759 	 1.410680 
1459.575148 	 3.388777 	 5.735272 	 4.303039 	 1.416208 	 1.419878 
1469.853846 	 3.387016 	 5.728448 	 4.300781 	 1.367327 	 1.429073 
1480.132544 	 3.385254 	 5.721611 	 4.298551 	 1.318114 	 1.438263 
1490.411243 	 3.383491 	 5.714761 	 4.296349 	 1.268566 	 1.447449 
1500.689941 	 3.381726 	 5.707896 	 4.294174 	 1.218680 	 1.456631 
1510.968639 	 3.379961 	 5.701016 	 4.292028 	 1.168453 	 1.465809 
1521.247337 	 3.378194 	 5.694122 	 4.289910 	 1.117883 	 1.474983 
1531.526036 	 3.376426 	 5.687212 	 4.287819 	 1.066966 	 1.484153 
1541.804734 	 3.374656 	 5.680285 	 4.285756 	 1.015699 	 1.493319 
1552.083432 	 3.372884 	 5.673343 	 4.283721 	 0.964079 	 1.502481 
1562.362130 	 3.371111 	 5.666382 	 4.281714 	 0.912103 	 1.511638 
1572.640828 	 3.369337 	 5.659405 	 4.279735 	 0.859766 	 1.520791 
1582.919527 	 3.367560 	 5.652408 	 4.277783 	 0.807066 	 1.529939 
1593.198225 	 3.365781 	 5.645393 	 4.275859 	 0.753997 	 1.539082 
1603.476923 	 3.364000 	 5.638357 	 4.273963 	 0.700557 	 1.548219 
1613.755621 	 3.362217 	 5.631300 	 4.272094 	 0.646739 	 1.557350 
1624.034320 	 3.360432 	 5.624222 	 4.270252 	 0.592540 	 1.566474 
1634.313018 	 3.358644 	 5.617122 	 4.268437 	 0.537957 	 1.575590 
1644.591716 	 3.356853 	 5.610000 	 4.266651 	 0.482998 	 1.584697 
1654.870414 	 3.355062 	 5.602860 	 4.264893 	 0.427686 	 1.593801 
1665.149112 	 3.353266 	 5.595689 	 4.263160 	 0.371934 	 1.602913 
1675.427811 	 3.351466 	 5.588489 	 4.261453 	 0.315755 	 1.612033 
1685.706509 	 3.349670 	 5.581293 	 4.259782 	 0.259390 	 1.621045 
1695.985207 	 3.347845 	 5.573965 	 4.258108 	 0.201890 	 1.630411 
1697.100000	 3.347649	 5.573180	 4.257925	 0.195749	 1.631405
1697.100000	 2.863853	 5.174025	 3.616522	 0.192799	 1.633059
1706.263905 	 2.862296 	 5.169714 	 3.615553 	 0.148700 	 1.637412 
1716.542604 	 2.860570 	 5.161546 	 3.614459 	 0.099863 	 1.642086 
1726.821302 	 2.858806 	 5.154489 	 3.613363 	 0.049921 	 1.647178 
1737.100000 	 2.857048 	 5.160022 	 3.612303 	 0.000000 	 1.652128 
