4.396675 1.007070 6.012476
4.537748 1.455136 4.175916
4.401405 1.814676 3.773632
4.276533 2.155013 3.673925
4.180374 2.489567 3.633784
4.105877 2.821386 3.611480
4.046809 3.151570 3.597237
3.998935 3.480673 3.587534
3.959396 3.809023 3.580695
3.926229 4.136841 3.575769
3.898031 4.464271 3.572180
3.873780 4.791417 3.569539
3.852715 5.118353 3.567572
3.834257 5.445130 3.566072
3.817955 5.771784 3.564892
3.803452 6.098336 3.563904
3.790468 6.424803 3.563018
3.778769 6.751190 3.562153
3.768169 7.077494 3.561244
3.758509 7.403709 3.560238
3.749659 7.729824 3.559090
3.741509 8.055824 3.557765
3.733966 8.381692 3.556231
3.726948 8.707407 3.554463
3.720388 9.032947 3.552440
3.714226 9.358288 3.550146
3.708411 9.683403 3.547566
3.702896 10.00827 3.544689
6.316755 1.446870 6.425842
6.412750 2.056400 6.696156
6.457161 2.662254 6.521866
6.453920 3.252233 6.364167
6.430549 3.829629 6.245607
6.399573 4.397518 6.154842
6.366379 4.958002 6.082735
6.333290 5.512496 6.023302
6.301282 6.061967 5.972525
6.270691 6.607065 5.927445
6.241529 7.148194 5.885470
6.213604 7.685509 5.843606
6.186518 8.218822 5.797043
6.159521 8.747299 5.735530
6.131031 9.268571 5.633184
6.097460 9.776476 5.431478
6.053091 10.25993 5.113798
11.13382 2.550231 7.088368
10.29961 3.302813 8.545287
9.703214 4.000584 6.578168
9.021250 4.545951 5.537988
8.457024 5.036470 5.221822
8.015247 5.507741 5.079127
7.664211 5.968727 4.989245
7.379060 6.422735 4.924456
7.142849 6.871572 4.875358
6.943963 7.316452 4.837594
6.774258 7.758308 4.809175
6.627927 8.197979 4.790041
6.500846 8.636409 4.782878
6.390293 9.075024 4.796408
6.295142 9.516665 4.855382
6.216835 9.967877 5.017470
6.159364 10.44006 5.298622
14.92565 2.051256 4.686409
14.89999 3.412882 6.600863
12.59277 4.038170 7.333784
11.51969 4.749508 7.655241
10.71311 5.398507 6.673464
10.06475 5.993928 6.370785
9.560036 6.569255 6.193580
9.154281 7.129162 6.028986
8.816672 7.674032 5.865522
8.528017 8.204133 5.707663
8.276320 8.720280 5.561918
8.053884 9.223818 5.432942
7.855530 9.716382 5.322420
7.677532 10.19964 5.229550
19.73412 2.712092 10.38331
17.58035 4.026825 5.413092
14.10264 4.522345 6.026061
12.64205 5.212253 9.351607
12.21826 6.156977 10.12453
11.59179 6.903337 6.511119
10.84956 7.455362 5.790293
10.24895 7.981669 5.728642
9.774236 8.507496 5.754868
9.393365 9.036615 5.795868
9.082244 9.569436 5.833834
8.823527 10.10526 5.860527
24.81582 3.410478 6.856404
21.68348 4.966658 8.262734
17.65219 5.660593 6.754198
15.03332 6.198160 5.389559
13.39978 6.752360 7.409137
12.76362 7.601206 9.261110
12.05041 8.280538 6.596030
11.38375 8.865424 6.223162
10.82820 9.424867 6.000027
10.35987 9.966413 5.828414
9.959785 10.49405 5.695280
30.67482 4.215689 7.671834
23.39200 5.357999 6.408049
18.40329 5.901451 5.662265
15.70616 6.475568 6.803624
14.11327 7.111901 7.031039
13.12301 7.815237 9.587751
12.90010 8.864406 11.06512
12.34403 9.613272 6.511680
11.70557 10.18853 6.183398
35.55290 4.886091 2.646663
29.25005 6.699801 6.455375
22.57551 7.239373 5.925439
18.75720 7.733495 4.974917
16.24160 8.184399 5.006189
14.55274 8.666695 5.593749
13.46661 9.253690 8.087327
13.20448 10.28337 12.81089
43.39331 5.963611 8.125164
29.33758 6.719850 6.543469
23.26213 7.459555 8.041377
19.82618 8.174232 7.579208
17.56421 8.850883 7.188562
15.93542 9.490131 6.761402
14.68563 10.09135 6.388339
47.00294 6.459689 0.7368924
35.38880 8.105897 4.519998
26.73298 8.572563 5.902233
22.13714 9.127026 5.851689
19.12113 9.635442 5.371661
17.01688 10.13418 5.600156
55.09163 7.571330 7.503288
37.22476 8.526430 6.690417
28.75586 9.221249 7.979836
24.10705 9.939212 7.543312
21.02941 10.59705 6.822910
59.25764 8.143872 1.709852
41.65097 9.540265 4.269722
31.00497 9.942478 5.034440
25.43398 10.48630 6.600751
65.24990 8.967397 9.519900
44.88180 10.28030 6.701922
71.36938 9.808408 3.229664
